Traceback (most recent call last):
  File "/n/home06/lsepulvedaduran/.conda/envs/merlin_env/bin/merlin", line 11, in <module>
    load_entry_point('merlin', 'console_scripts', 'merlin')()
  File "/n/home06/lsepulvedaduran/Software/MERlin/merlin/merlin.py", line 120, in merlin
    dataSet, f)
  File "/n/home06/lsepulvedaduran/Software/MERlin/merlin/merlin.py", line 144, in generate_analysis_tasks_and_snakefile
    snakefilePath = snakeGenerator.generate_workflow()
  File "/n/home06/lsepulvedaduran/Software/MERlin/merlin/util/snakewriter.py", line 175, in generate_workflow
    analysisTasks = self._parse_parameters()
  File "/n/home06/lsepulvedaduran/Software/MERlin/merlin/util/snakewriter.py", line 140, in _parse_parameters
    newTask.save()
  File "/n/home06/lsepulvedaduran/Software/MERlin/merlin/core/analysistask.py", line 81, in save
    self.dataSet.save_analysis_task(self, overwrite)
  File "/n/home06/lsepulvedaduran/Software/MERlin/merlin/core/dataset.py", line 563, in save_analysis_task
    % analysisTask.get_analysis_name())
merlin.core.analysistask.AnalysisAlreadyExistsException: Analysis task with name mosaic_DAPI already exists in this data set with different parameters.
Building DAG of jobs...
Using shell: /usr/bin/bash
Provided cluster nodes: 1000
Job counts:
	count	jobs
	1	SlurmReport
	1	all
	1	mosaic_DAPI
	1	mosaic_Lectins
	1	mosaic_bits
	1	mosaic_polyT
	6

[Fri Jan 31 14:01:22 2020]
Job 3: Running mosaic_Lectins

Submitted job 3 with external jobid 'Submitted batch job 41921258'.

[Fri Jan 31 14:01:23 2020]
Job 5: Running mosaic_bits

Submitted job 5 with external jobid 'Submitted batch job 41921260'.

[Fri Jan 31 14:01:24 2020]
Job 1: Running mosaic_DAPI

Submitted job 1 with external jobid 'Submitted batch job 41921262'.

[Fri Jan 31 14:01:25 2020]
Job 2: Running mosaic_polyT

Submitted job 2 with external jobid 'Submitted batch job 41921263'.
[Fri Jan 31 15:28:18 2020]
Finished job 1.
1 of 6 steps (17%) done
[Fri Jan 31 15:28:18 2020]
Finished job 2.
2 of 6 steps (33%) done
[Fri Jan 31 17:01:36 2020]
Finished job 3.
3 of 6 steps (50%) done
slurmstepd: error: *** JOB 41921204 ON holyzhuang01 CANCELLED AT 2020-02-07T17:56:05 DUE TO TIME LIMIT ***
