Starting at 13:42.
/n/home06/lsepulvedaduran/.conda/envs/merlin_env/bin/python
BC071_sample_07
Starting at 15:57.
/n/home06/lsepulvedaduran/.conda/envs/merlin_env/bin/python
BC071_sample_07
MERlin - the MERFISH decoding pipeline
Generating analysis tasks from /n/home06/lsepulvedaduran/Software/merfish-parameters/analysis/merlin_analysis_BC071.json
Snakefile generated at /n/scratchlfs02/zhuang_lab/lsepulvedaduran/191212_BC071_MERFISH/sample_07/snakemake/200106_155928.Snakefile
Running MERlin pipeline through snakemake
Finished at 12:48.
Starting at 17:14.
/n/home06/lsepulvedaduran/.conda/envs/merlin_env/bin/python
BC071_sample_07
Starting at 09:13.
/n/home06/lsepulvedaduran/.conda/envs/merlin_env/bin/python
BC071_sample_07
Starting at 13:54.
/n/home06/lsepulvedaduran/.conda/envs/merlin_env/bin/python
BC071_sample_07
MERlin - the MERFISH decoding pipeline
Generating analysis tasks from /n/home06/lsepulvedaduran/Software/merfish-parameters/analysis/merlin_analysis_BC071.json
Snakefile generated at /n/scratchlfs02/zhuang_lab/lsepulvedaduran/191212_BC071_MERFISH/sample_07/snakemake/200110_135732.Snakefile
Running MERlin pipeline through snakemake
Finished at 14:06.
Starting at 15:05.
/n/home06/lsepulvedaduran/.conda/envs/merlin_env/bin/python
BC071_sample_07
Starting at 17:15.
/n/home06/lsepulvedaduran/.conda/envs/merlin_env/bin/python
BC071_sample_07
Starting at 15:04.
/n/home06/lsepulvedaduran/.conda/envs/merlin_env/bin/python
BC071_sample_07
MERlin - the MERFISH decoding pipeline
Generating analysis tasks from /n/home06/lsepulvedaduran/Software/merfish-parameters/analysis/merlin_analysis_BC071.json
Snakefile generated at /n/scratchlfs02/zhuang_lab/lsepulvedaduran/191212_BC071_MERFISH/sample_07/snakemake/200115_150453.Snakefile
Running MERlin pipeline through snakemake
Finished at 08:42.
Starting at 16:18.
/n/home06/lsepulvedaduran/.conda/envs/merlin_env/bin/python
BC071_sample_07
MERlin - the MERFISH decoding pipeline
Generating analysis tasks from /n/home06/lsepulvedaduran/Software/merfish-parameters/analysis/merlin_analysis_BC071.json
Finished at 16:19.
Starting at 17:27.
/n/home06/lsepulvedaduran/.conda/envs/merlin_env/bin/python
BC071_sample_07
MERlin - the MERFISH decoding pipeline
Generating analysis tasks from /n/home06/lsepulvedaduran/Software/merfish-parameters/analysis/merlin_analysis_BC071.json
Finished at 17:27.
Starting at 11:43.
/n/home06/lsepulvedaduran/.conda/envs/merlin_env/bin/python
BC071_sample_07
Starting at 12:08.
/n/home06/lsepulvedaduran/.conda/envs/merlin_env/bin/python
BC071_sample_07
