Starting at 14:57.
/n/home06/lsepulvedaduran/.conda/envs/merlin_env/bin/python
BC071_sample_02
MERlin - the MERFISH decoding pipeline
Generating analysis tasks from /n/home06/lsepulvedaduran/Software/merfish-parameters/analysis/merlin_analysis_BC071_nuclei_segmentation.json
Finished at 14:58.
Starting at 15:00.
/n/home06/lsepulvedaduran/.conda/envs/merlin_env/bin/python
BC071_sample_02
MERlin - the MERFISH decoding pipeline
Generating analysis tasks from /n/home06/lsepulvedaduran/Software/merfish-parameters/analysis/merlin_analysis_BC071_nuclei_segmentation.json
Snakefile generated at /n/scratchlfs02/zhuang_lab/lsepulvedaduran/191212_BC071_MERFISH/sample_02/snakemake/200126_150105.Snakefile
Running MERlin pipeline through snakemake
Finished at 15:01.
Starting at 15:15.
/n/home06/lsepulvedaduran/.conda/envs/merlin_env/bin/python
BC071_sample_02
MERlin - the MERFISH decoding pipeline
Generating analysis tasks from /n/home06/lsepulvedaduran/Software/merfish-parameters/analysis/merlin_analysis_BC071_nuclei_segmentation.json
Snakefile generated at /n/scratchlfs02/zhuang_lab/lsepulvedaduran/191212_BC071_MERFISH/sample_02/snakemake/200126_151641.Snakefile
Running MERlin pipeline through snakemake
Finished at 15:16.
Starting at 15:46.
/n/home06/lsepulvedaduran/.conda/envs/merlin_env/bin/python
BC071_sample_02
MERlin - the MERFISH decoding pipeline
Generating analysis tasks from /n/home06/lsepulvedaduran/Software/merfish-parameters/analysis/merlin_analysis_BC071_nuclei_segmentation.json
Snakefile generated at /n/scratchlfs02/zhuang_lab/lsepulvedaduran/191212_BC071_MERFISH/sample_02/snakemake/200126_154712.Snakefile
Running MERlin pipeline through snakemake
Finished at 15:47.
Starting at 15:55.
/n/home06/lsepulvedaduran/.conda/envs/merlin_env/bin/python
BC071_sample_02
Starting at 08:46.
/n/home06/lsepulvedaduran/.conda/envs/merlin_env/bin/python
BC071_sample_02
Starting at 21:32.
/n/home06/lsepulvedaduran/.conda/envs/merlin_env/bin/python
BC071_sample_02
Starting at 09:18.
/n/home06/lsepulvedaduran/.conda/envs/merlin_env/bin/python
BC071_sample_02
Starting at 11:10.
/n/home06/lsepulvedaduran/.conda/envs/merlin_env/bin/python
BC071_sample_02
Starting at 12:08.
/n/home06/lsepulvedaduran/.conda/envs/merlin_env/bin/python
BC071_sample_02
