Starting at 16:29.
/n/home06/lsepulvedaduran/.conda/envs/merlin_env/bin/python
BC071_sample_02
MERlin - the MERFISH decoding pipeline
Finished at 16:30.
Starting at 16:49.
/n/home06/lsepulvedaduran/.conda/envs/merlin_env/bin/python
BC071_sample_02
Starting at 15:57.
/n/home06/lsepulvedaduran/.conda/envs/merlin_env/bin/python
BC071_sample_02
MERlin - the MERFISH decoding pipeline
Generating analysis tasks from /n/home06/lsepulvedaduran/Software/merfish-parameters/analysis/merlin_analysis_BC071.json
Snakefile generated at /n/scratchlfs02/zhuang_lab/lsepulvedaduran/191212_BC071_MERFISH/sample_02/snakemake/200106_155928.Snakefile
Running MERlin pipeline through snakemake
Finished at 16:59.
Starting at 19:10.
/n/home06/lsepulvedaduran/.conda/envs/merlin_env/bin/python
BC071_sample_02
MERlin - the MERFISH decoding pipeline
Generating analysis tasks from /n/home06/lsepulvedaduran/Software/merfish-parameters/analysis/merlin_analysis_BC071.json
Snakefile generated at /n/scratchlfs02/zhuang_lab/lsepulvedaduran/191212_BC071_MERFISH/sample_02/snakemake/200107_095624.Snakefile
Running MERlin pipeline through snakemake
Finished at 10:09.
Starting at 20:43.
/n/home06/lsepulvedaduran/.conda/envs/merlin_env/bin/python
BC071_sample_02
MERlin - the MERFISH decoding pipeline
Generating analysis tasks from /n/home06/lsepulvedaduran/Software/merfish-parameters/analysis/merlin_analysis_BC071.json
Snakefile generated at /n/scratchlfs02/zhuang_lab/lsepulvedaduran/191212_BC071_MERFISH/sample_02/snakemake/200107_213315.Snakefile
Running MERlin pipeline through snakemake
Finished at 12:05.
Starting at 17:04.
/n/home06/lsepulvedaduran/.conda/envs/merlin_env/bin/python
BC071_sample_02
MERlin - the MERFISH decoding pipeline
Generating analysis tasks from /n/home06/lsepulvedaduran/Software/merfish-parameters/analysis/merlin_analysis_BC071.json
Snakefile generated at /n/scratchlfs02/zhuang_lab/lsepulvedaduran/191212_BC071_MERFISH/sample_02/snakemake/200109_170530.Snakefile
Running MERlin pipeline through snakemake
Finished at 01:44.
Starting at 09:12.
/n/home06/lsepulvedaduran/.conda/envs/merlin_env/bin/python
BC071_sample_02
Starting at 13:54.
/n/home06/lsepulvedaduran/.conda/envs/merlin_env/bin/python
BC071_sample_02
Starting at 16:27.
/n/home06/lsepulvedaduran/.conda/envs/merlin_env/bin/python
BC071_sample_02
MERlin - the MERFISH decoding pipeline
Generating analysis tasks from /n/home06/lsepulvedaduran/Software/merfish-parameters/analysis/merlin_analysis_BC071.json
Finished at 16:28.
Starting at 17:15.
/n/home06/lsepulvedaduran/.conda/envs/merlin_env/bin/python
BC071_sample_02
Starting at 17:55.
/n/home06/lsepulvedaduran/.conda/envs/merlin_env/bin/python
BC071_sample_02
Starting at 09:12.
/n/home06/lsepulvedaduran/.conda/envs/merlin_env/bin/python
BC071_sample_02
Starting at 09:32.
/n/home06/lsepulvedaduran/.conda/envs/merlin_env/bin/python
BC071_sample_02
Starting at 10:25.
/n/home06/lsepulvedaduran/.conda/envs/merlin_env/bin/python
BC071_sample_02
MERlin - the MERFISH decoding pipeline
Generating analysis tasks from /n/home06/lsepulvedaduran/Software/merfish-parameters/analysis/merlin_analysis_BC071.json
Snakefile generated at /n/scratchlfs02/zhuang_lab/lsepulvedaduran/191212_BC071_MERFISH/sample_02/snakemake/200115_102605.Snakefile
Running MERlin pipeline through snakemake
Finished at 10:30.
Starting at 11:15.
/n/home06/lsepulvedaduran/.conda/envs/merlin_env/bin/python
BC071_sample_02
MERlin - the MERFISH decoding pipeline
Generating analysis tasks from /n/home06/lsepulvedaduran/Software/merfish-parameters/analysis/merlin_analysis_BC071.json
Snakefile generated at /n/scratchlfs02/zhuang_lab/lsepulvedaduran/191212_BC071_MERFISH/sample_02/snakemake/200115_111915.Snakefile
Running MERlin pipeline through snakemake
Finished at 11:33.
Starting at 11:36.
/n/home06/lsepulvedaduran/.conda/envs/merlin_env/bin/python
BC071_sample_02
Starting at 12:25.
/n/home06/lsepulvedaduran/.conda/envs/merlin_env/bin/python
BC071_sample_02
Starting at 12:48.
/n/home06/lsepulvedaduran/.conda/envs/merlin_env/bin/python
BC071_sample_02
MERlin - the MERFISH decoding pipeline
Generating analysis tasks from /n/home06/lsepulvedaduran/Software/merfish-parameters/analysis/merlin_analysis_BC071.json
Finished at 12:49.
Starting at 13:09.
/n/home06/lsepulvedaduran/.conda/envs/merlin_env/bin/python
BC071_sample_02
Starting at 13:12.
/n/home06/lsepulvedaduran/.conda/envs/merlin_env/bin/python
BC071_sample_02
Starting at 13:59.
/n/home06/lsepulvedaduran/.conda/envs/merlin_env/bin/python
BC071_sample_02
MERlin - the MERFISH decoding pipeline
Generating analysis tasks from /n/home06/lsepulvedaduran/Software/merfish-parameters/analysis/merlin_analysis_BC071.json
Snakefile generated at /n/scratchlfs02/zhuang_lab/lsepulvedaduran/191212_BC071_MERFISH/sample_02/snakemake/200115_140026.Snakefile
Running MERlin pipeline through snakemake
Finished at 00:36.
Starting at 14:44.
/n/home06/lsepulvedaduran/.conda/envs/merlin_env/bin/python
BC071_sample_02
Starting at 15:58.
/n/home06/lsepulvedaduran/.conda/envs/merlin_env/bin/python
BC071_sample_02
MERlin - the MERFISH decoding pipeline
Generating analysis tasks from /n/home06/lsepulvedaduran/Software/merfish-parameters/analysis/merlin_analysis_BC071.json
Finished at 16:16.
Starting at 17:27.
/n/home06/lsepulvedaduran/.conda/envs/merlin_env/bin/python
BC071_sample_02
MERlin - the MERFISH decoding pipeline
Generating analysis tasks from /n/home06/lsepulvedaduran/Software/merfish-parameters/analysis/merlin_analysis_BC071.json
Finished at 17:27.
Starting at 11:06.
/n/home06/lsepulvedaduran/.conda/envs/merlin_env/bin/python
BC071_sample_02
Starting at 11:43.
/n/home06/lsepulvedaduran/.conda/envs/merlin_env/bin/python
BC071_sample_02
MERlin - the MERFISH decoding pipeline
Generating analysis tasks from /n/home06/lsepulvedaduran/Software/merfish-parameters/analysis/merlin_analysis_BC071.json
Finished at 11:43.
Starting at 12:08.
/n/home06/lsepulvedaduran/.conda/envs/merlin_env/bin/python
BC071_sample_02
