Starting at 10:09.
/n/home06/lsepulvedaduran/.conda/envs/merlin_env/bin/python
BC071_sample_06
MERlin - the MERFISH decoding pipeline
Finished at 10:10.
Starting at 10:24.
/n/home06/lsepulvedaduran/.conda/envs/merlin_env/bin/python
BC071_sample_06
MERlin - the MERFISH decoding pipeline
Generating analysis tasks from /n/home06/lsepulvedaduran/Software/merfish-parameters/analysis/merlin_analysis_BC071.json
Snakefile generated at /n/scratchlfs02/zhuang_lab/lsepulvedaduran/191212_BC071_MERFISH/sample_06/snakemake/191227_103243.Snakefile
Running MERlin pipeline through snakemake
Finished at 06:14.
Starting at 09:26.
/n/home06/lsepulvedaduran/.conda/envs/merlin_env/bin/python
BC071_sample_06
Starting at 14:23.
/n/home06/lsepulvedaduran/.conda/envs/merlin_env/bin/python
BC071_sample_06
MERlin - the MERFISH decoding pipeline
Generating analysis tasks from /n/home06/lsepulvedaduran/Software/merfish-parameters/analysis/merlin_analysis_BC071.json
Snakefile generated at /n/scratchlfs02/zhuang_lab/lsepulvedaduran/191212_BC071_MERFISH/sample_06/snakemake/191230_142418.Snakefile
Running MERlin pipeline through snakemake
Finished at 14:28.
Starting at 15:06.
/n/home06/lsepulvedaduran/.conda/envs/merlin_env/bin/python
BC071_sample_06
Starting at 16:24.
/n/home06/lsepulvedaduran/.conda/envs/merlin_env/bin/python
BC071_sample_06
Starting at 15:59.
/n/home06/lsepulvedaduran/.conda/envs/merlin_env/bin/python
BC071_sample_06
MERlin - the MERFISH decoding pipeline
Generating analysis tasks from /n/home06/lsepulvedaduran/Software/merfish-parameters/analysis/merlin_analysis_BC071.json
Snakefile generated at /n/scratchlfs02/zhuang_lab/lsepulvedaduran/191212_BC071_MERFISH/sample_06/snakemake/200102_155948.Snakefile
Running MERlin pipeline through snakemake
Finished at 00:08.
Starting at 15:57.
/n/home06/lsepulvedaduran/.conda/envs/merlin_env/bin/python
BC071_sample_06
MERlin - the MERFISH decoding pipeline
Generating analysis tasks from /n/home06/lsepulvedaduran/Software/merfish-parameters/analysis/merlin_analysis_BC071.json
Snakefile generated at /n/scratchlfs02/zhuang_lab/lsepulvedaduran/191212_BC071_MERFISH/sample_06/snakemake/200106_155928.Snakefile
Running MERlin pipeline through snakemake
Finished at 12:53.
Starting at 20:40.
/n/home06/lsepulvedaduran/.conda/envs/merlin_env/bin/python
BC071_sample_06
MERlin - the MERFISH decoding pipeline
Generating analysis tasks from /n/home06/lsepulvedaduran/Software/merfish-parameters/analysis/merlin_analysis_BC071.json
Snakefile generated at /n/scratchlfs02/zhuang_lab/lsepulvedaduran/191212_BC071_MERFISH/sample_06/snakemake/200107_205919.Snakefile
Running MERlin pipeline through snakemake
Finished at 16:44.
Starting at 17:08.
/n/home06/lsepulvedaduran/.conda/envs/merlin_env/bin/python
BC071_sample_06
MERlin - the MERFISH decoding pipeline
Generating analysis tasks from /n/home06/lsepulvedaduran/Software/merfish-parameters/analysis/merlin_analysis_BC071.json
Snakefile generated at /n/scratchlfs02/zhuang_lab/lsepulvedaduran/191212_BC071_MERFISH/sample_06/snakemake/200109_170953.Snakefile
Running MERlin pipeline through snakemake
Finished at 20:42.
Starting at 09:13.
/n/home06/lsepulvedaduran/.conda/envs/merlin_env/bin/python
BC071_sample_06
MERlin - the MERFISH decoding pipeline
Generating analysis tasks from /n/home06/lsepulvedaduran/Software/merfish-parameters/analysis/merlin_analysis_BC071.json
Snakefile generated at /n/scratchlfs02/zhuang_lab/lsepulvedaduran/191212_BC071_MERFISH/sample_06/snakemake/200110_091402.Snakefile
Running MERlin pipeline through snakemake
Finished at 12:13.
Starting at 13:54.
/n/home06/lsepulvedaduran/.conda/envs/merlin_env/bin/python
BC071_sample_06
Starting at 14:53.
/n/home06/lsepulvedaduran/.conda/envs/merlin_env/bin/python
BC071_sample_06
Starting at 17:15.
/n/home06/lsepulvedaduran/.conda/envs/merlin_env/bin/python
BC071_sample_06
Starting at 15:04.
/n/home06/lsepulvedaduran/.conda/envs/merlin_env/bin/python
BC071_sample_06
MERlin - the MERFISH decoding pipeline
Generating analysis tasks from /n/home06/lsepulvedaduran/Software/merfish-parameters/analysis/merlin_analysis_BC071.json
Snakefile generated at /n/scratchlfs02/zhuang_lab/lsepulvedaduran/191212_BC071_MERFISH/sample_06/snakemake/200115_150454.Snakefile
Running MERlin pipeline through snakemake
Finished at 00:15.
Starting at 16:18.
/n/home06/lsepulvedaduran/.conda/envs/merlin_env/bin/python
BC071_sample_06
MERlin - the MERFISH decoding pipeline
Generating analysis tasks from /n/home06/lsepulvedaduran/Software/merfish-parameters/analysis/merlin_analysis_BC071.json
Finished at 16:31.
Starting at 17:27.
/n/home06/lsepulvedaduran/.conda/envs/merlin_env/bin/python
BC071_sample_06
MERlin - the MERFISH decoding pipeline
Generating analysis tasks from /n/home06/lsepulvedaduran/Software/merfish-parameters/analysis/merlin_analysis_BC071.json
Finished at 17:28.
Starting at 11:43.
/n/home06/lsepulvedaduran/.conda/envs/merlin_env/bin/python
BC071_sample_06
Starting at 12:08.
/n/home06/lsepulvedaduran/.conda/envs/merlin_env/bin/python
BC071_sample_06
