Starting at 14:55.
/n/home06/lsepulvedaduran/.conda/envs/merlin_env/bin/python
BC071_sample_06
Starting at 21:33.
/n/home06/lsepulvedaduran/.conda/envs/merlin_env/bin/python
BC071_sample_06
Starting at 09:18.
/n/home06/lsepulvedaduran/.conda/envs/merlin_env/bin/python
BC071_sample_06
Starting at 14:49.
/n/home06/lsepulvedaduran/.conda/envs/merlin_env/bin/python
BC071_sample_06
Starting at 09:40.
/n/home06/lsepulvedaduran/.conda/envs/merlin_env/bin/python
BC071_sample_06
Starting at 16:09.
/n/home06/lsepulvedaduran/.conda/envs/merlin_env/bin/python
BC071_sample_06
MERlin - the MERFISH decoding pipeline
Generating analysis tasks from /n/home06/lsepulvedaduran/Software/merfish-parameters/analysis/merlin_analysis_BC071_nuclei_segmentation.json
Snakefile generated at /n/scratchlfs02/zhuang_lab/lsepulvedaduran/191212_BC071_MERFISH/sample_06/snakemake/200129_160953.Snakefile
Running MERlin pipeline through snakemake
Finished at 19:12.
Starting at 08:33.
/n/home06/lsepulvedaduran/.conda/envs/merlin_env/bin/python
BC071_sample_06
MERlin - the MERFISH decoding pipeline
Generating analysis tasks from /n/home06/lsepulvedaduran/Software/merfish-parameters/analysis/merlin_analysis_BC071_nuclei_segmentation.json
Snakefile generated at /n/scratchlfs02/zhuang_lab/lsepulvedaduran/191212_BC071_MERFISH/sample_06/snakemake/200130_083453.Snakefile
Running MERlin pipeline through snakemake
Finished at 09:00.
