Starting at 09:25.
/n/home06/lsepulvedaduran/.conda/envs/merlin_env/bin/python
BC071_sample_01
MERlin - the MERFISH decoding pipeline
Generating analysis tasks from /n/home06/lsepulvedaduran/Software/merfish-parameters/analysis/merlin_analysis_BC071.json
Snakefile generated at /n/scratchlfs02/zhuang_lab/lsepulvedaduran/191212_BC071_MERFISH/sample_01/snakemake/191223_093015.Snakefile
Running MERlin pipeline through snakemake
Finished at 12:50.
Starting at 13:24.
/n/home06/lsepulvedaduran/.conda/envs/merlin_env/bin/python
BC071_sample_01
Starting at 14:00.
/n/home06/lsepulvedaduran/.conda/envs/merlin_env/bin/python
BC071_sample_01
Starting at 14:07.
/n/home06/lsepulvedaduran/.conda/envs/merlin_env/bin/python
BC071_sample_01
Starting at 15:43.
/n/home06/lsepulvedaduran/.conda/envs/merlin_env/bin/python
BC071_sample_01
Starting at 16:06.
/n/home06/lsepulvedaduran/.conda/envs/merlin_env/bin/python
BC071_sample_01
Starting at 22:15.
/n/home06/lsepulvedaduran/.conda/envs/merlin_env/bin/python
BC071_sample_01
Starting at 10:19.
/n/home06/lsepulvedaduran/.conda/envs/merlin_env/bin/python
BC071_sample_01
Starting at 09:26.
/n/home06/lsepulvedaduran/.conda/envs/merlin_env/bin/python
BC071_sample_01
Starting at 13:51.
/n/home06/lsepulvedaduran/.conda/envs/merlin_env/bin/python
BC071_sample_01
Starting at 14:49.
/n/home06/lsepulvedaduran/.conda/envs/merlin_env/bin/python
BC071_sample_01
Starting at 16:50.
/n/home06/lsepulvedaduran/.conda/envs/merlin_env/bin/python
BC071_sample_01
Starting at 15:58.
/n/home06/lsepulvedaduran/.conda/envs/merlin_env/bin/python
BC071_sample_01
Starting at 15:57.
/n/home06/lsepulvedaduran/.conda/envs/merlin_env/bin/python
BC071_sample_01
Starting at 09:02.
/n/home06/lsepulvedaduran/.conda/envs/merlin_env/bin/python
BC071_sample_01
MERlin - the MERFISH decoding pipeline
Generating analysis tasks from /n/home06/lsepulvedaduran/Software/merfish-parameters/analysis/merlin_analysis_BC071.json
Snakefile generated at /n/scratchlfs02/zhuang_lab/lsepulvedaduran/191212_BC071_MERFISH/sample_01/snakemake/200110_090400.Snakefile
Running MERlin pipeline through snakemake
Finished at 15:36.
Starting at 17:11.
/n/home06/lsepulvedaduran/.conda/envs/merlin_env/bin/python
BC071_sample_01
MERlin - the MERFISH decoding pipeline
Generating analysis tasks from /n/home06/lsepulvedaduran/Software/merfish-parameters/analysis/merlin_analysis_BC071.json
Finished at 17:13.
Starting at 17:22.
/n/home06/lsepulvedaduran/.conda/envs/merlin_env/bin/python
BC071_sample_01
Starting at 15:03.
/n/home06/lsepulvedaduran/.conda/envs/merlin_env/bin/python
BC071_sample_01
MERlin - the MERFISH decoding pipeline
Generating analysis tasks from /n/home06/lsepulvedaduran/Software/merfish-parameters/analysis/merlin_analysis_BC071.json
Snakefile generated at /n/scratchlfs02/zhuang_lab/lsepulvedaduran/191212_BC071_MERFISH/sample_01/snakemake/200115_150453.Snakefile
Running MERlin pipeline through snakemake
Finished at 07:17.
Starting at 14:44.
/n/home06/lsepulvedaduran/.conda/envs/merlin_env/bin/python
BC071_sample_01
Starting at 15:58.
/n/home06/lsepulvedaduran/.conda/envs/merlin_env/bin/python
BC071_sample_01
MERlin - the MERFISH decoding pipeline
Generating analysis tasks from /n/home06/lsepulvedaduran/Software/merfish-parameters/analysis/merlin_analysis_BC071.json
Finished at 16:16.
Starting at 17:27.
/n/home06/lsepulvedaduran/.conda/envs/merlin_env/bin/python
BC071_sample_01
MERlin - the MERFISH decoding pipeline
Generating analysis tasks from /n/home06/lsepulvedaduran/Software/merfish-parameters/analysis/merlin_analysis_BC071.json
Finished at 17:27.
Starting at 17:53.
/n/home06/lsepulvedaduran/.conda/envs/merlin_env/bin/python
BC071_sample_01
Starting at 19:18.
/n/home06/lsepulvedaduran/.conda/envs/merlin_env/bin/python
BC071_sample_01
Starting at 11:43.
/n/home06/lsepulvedaduran/.conda/envs/merlin_env/bin/python
BC071_sample_01
MERlin - the MERFISH decoding pipeline
Generating analysis tasks from /n/home06/lsepulvedaduran/Software/merfish-parameters/analysis/merlin_analysis_BC071.json
Finished at 11:43.
Starting at 12:08.
/n/home06/lsepulvedaduran/.conda/envs/merlin_env/bin/python
BC071_sample_01
Starting at 14:23.
/n/home06/lsepulvedaduran/.conda/envs/merlin_env/bin/python
BC071_sample_01
Starting at 15:08.
/n/home06/lsepulvedaduran/.conda/envs/merlin_env/bin/python
BC071_sample_01
Starting at 17:11.
/n/home06/lsepulvedaduran/.conda/envs/merlin_env/bin/python
BC071_sample_01
MERlin - the MERFISH decoding pipeline
Generating analysis tasks from /n/home06/lsepulvedaduran/Software/merfish-parameters/analysis/merlin_analysis_BC071_nuclei_segmentation.json
Finished at 17:12.
Starting at 17:16.
/n/home06/lsepulvedaduran/.conda/envs/merlin_env/bin/python
BC071_sample_01
Starting at 17:56.
/n/home06/lsepulvedaduran/.conda/envs/merlin_env/bin/python
BC071_sample_01
Starting at 18:06.
/n/home06/lsepulvedaduran/.conda/envs/merlin_env/bin/python
BC071_sample_01
MERlin - the MERFISH decoding pipeline
Generating analysis tasks from /n/home06/lsepulvedaduran/Software/merfish-parameters/analysis/merlin_analysis_BC071_nuclei_segmentation.json
Snakefile generated at /n/scratchlfs02/zhuang_lab/lsepulvedaduran/191212_BC071_MERFISH/sample_01/snakemake/200125_180734.Snakefile
Running MERlin pipeline through snakemake
Finished at 22:09.
Starting at 08:27.
/n/home06/lsepulvedaduran/.conda/envs/merlin_env/bin/python
BC071_sample_01
Starting at 08:46.
/n/home06/lsepulvedaduran/.conda/envs/merlin_env/bin/python
BC071_sample_01
Starting at 09:04.
/n/home06/lsepulvedaduran/.conda/envs/merlin_env/bin/python
BC071_sample_01
Starting at 09:29.
/n/home06/lsepulvedaduran/.conda/envs/merlin_env/bin/python
BC071_sample_01
Starting at 09:51.
/n/home06/lsepulvedaduran/.conda/envs/merlin_env/bin/python
BC071_sample_01
Starting at 12:56.
/n/home06/lsepulvedaduran/.conda/envs/merlin_env/bin/python
BC071_sample_01
MERlin - the MERFISH decoding pipeline
Generating analysis tasks from /n/home06/lsepulvedaduran/Software/merfish-parameters/analysis/merlin_analysis_BC071_nuclei_segmentation.json
Finished at 12:57.
Starting at 13:00.
/n/home06/lsepulvedaduran/.conda/envs/merlin_env/bin/python
BC071_sample_01
MERlin - the MERFISH decoding pipeline
Generating analysis tasks from /n/home06/lsepulvedaduran/Software/merfish-parameters/analysis/merlin_analysis_BC071_nuclei_segmentation.json
Finished at 13:01.
Starting at 13:01.
/n/home06/lsepulvedaduran/.conda/envs/merlin_env/bin/python
BC071_sample_01
Starting at 13:24.
/n/home06/lsepulvedaduran/.conda/envs/merlin_env/bin/python
BC071_sample_01
Starting at 13:51.
/n/home06/lsepulvedaduran/.conda/envs/merlin_env/bin/python
BC071_sample_01
Starting at 14:32.
/n/home06/lsepulvedaduran/.conda/envs/merlin_env/bin/python
BC071_sample_01
