Starting at 09:25.
/n/home06/lsepulvedaduran/.conda/envs/merlin_env/bin/python
BC071_sample_01
MERlin - the MERFISH decoding pipeline
Generating analysis tasks from /n/home06/lsepulvedaduran/Software/merfish-parameters/analysis/merlin_analysis_BC071.json
Snakefile generated at /n/scratchlfs02/zhuang_lab/lsepulvedaduran/191212_BC071_MERFISH/sample_01/snakemake/191223_093015.Snakefile
Running MERlin pipeline through snakemake
Finished at 12:50.
Starting at 13:24.
/n/home06/lsepulvedaduran/.conda/envs/merlin_env/bin/python
BC071_sample_01
Starting at 14:00.
/n/home06/lsepulvedaduran/.conda/envs/merlin_env/bin/python
BC071_sample_01
Starting at 14:07.
/n/home06/lsepulvedaduran/.conda/envs/merlin_env/bin/python
BC071_sample_01
Starting at 15:43.
/n/home06/lsepulvedaduran/.conda/envs/merlin_env/bin/python
BC071_sample_01
Starting at 16:06.
/n/home06/lsepulvedaduran/.conda/envs/merlin_env/bin/python
BC071_sample_01
Starting at 22:15.
/n/home06/lsepulvedaduran/.conda/envs/merlin_env/bin/python
BC071_sample_01
