Starting at 18:55.
/usr/bin/python
BC062_sample_01
Finished at 18:55.
Starting at 10:28.
/n/home06/lsepulvedaduran/.conda/envs/merlin_env/bin/python
BC062_sample_01
Starting at 11:02.
/n/home06/lsepulvedaduran/.conda/envs/merlin_env/bin/python
BC062_sample_01
Starting at 10:40.
/n/home06/lsepulvedaduran/.conda/envs/merlin_env/bin/python
BC062_sample_01
Starting at 09:11.
/n/home06/lsepulvedaduran/.conda/envs/merlin_env/bin/python
BC062_sample_01
Finished at 09:12.
Starting at 09:28.
/n/home06/lsepulvedaduran/.conda/envs/merlin_env/bin/python
BC062_sample_01
Starting at 09:59.
/n/home06/lsepulvedaduran/.conda/envs/merlin_env/bin/python
BC062_sample_01
MERlin - the MERFISH decoding pipeline
['C1E1_codebook.csv']
Generating analysis tasks from /n/home06/lsepulvedaduran/Software/merfish-parameters/analysis/merlin_analysis_BC062.json
Snakefile generated at /n/scratchlfs/zhuang_lab/lsepulveda/190719_BC062_MERFISH/sample_01/snakemake/190918_100048.Snakefile
Running MERlin pipeline through snakemake
Finished at 01:29.
Starting at 13:21.
/n/home06/lsepulvedaduran/.conda/envs/merlin_env/bin/python
BC062_sample_01
MERlin - the MERFISH decoding pipeline
['C1E1_codebook.csv']
Generating analysis tasks from /n/home06/lsepulvedaduran/Software/merfish-parameters/analysis/merlin_analysis_BC062.json
Finished at 13:22.
Starting at 15:58.
/n/home06/lsepulvedaduran/.conda/envs/merlin_env/bin/python
BC062_sample_01
MERlin - the MERFISH decoding pipeline
['C1E1_codebook.csv']
Generating analysis tasks from /n/home06/lsepulvedaduran/Software/merfish-parameters/analysis/merlin_analysis_BC062.json
Finished at 16:00.
Starting at 16:04.
/n/home06/lsepulvedaduran/.conda/envs/merlin_env/bin/python
BC062_sample_01
MERlin - the MERFISH decoding pipeline
['C1E1_codebook.csv']
Generating analysis tasks from /n/home06/lsepulvedaduran/Software/merfish-parameters/analysis/merlin_analysis_BC062.json
Finished at 16:05.
Starting at 16:14.
/n/home06/lsepulvedaduran/.conda/envs/merlin_env/bin/python
BC062_sample_01
MERlin - the MERFISH decoding pipeline
['C1E1_codebook.csv']
Generating analysis tasks from /n/home06/lsepulvedaduran/Software/merfish-parameters/analysis/merlin_analysis_BC062.json
Snakefile generated at /n/scratchlfs/zhuang_lab/lsepulveda/190719_BC062_MERFISH/sample_01/snakemake/190919_161527.Snakefile
Running MERlin pipeline through snakemake
Finished at 16:45.
Starting at 13:05.
/n/home06/lsepulvedaduran/.conda/envs/merlin_env/bin/python
BC062_sample_01
MERlin - the MERFISH decoding pipeline
['C1E1_codebook.csv']
Generating analysis tasks from /n/home06/lsepulvedaduran/Software/merfish-parameters/analysis/merlin_analysis_BC062_sample_01.json
Finished at 13:07.
Starting at 13:13.
/n/home06/lsepulvedaduran/.conda/envs/merlin_env/bin/python
BC062_sample_01
MERlin - the MERFISH decoding pipeline
['C1E1_codebook.csv']
Generating analysis tasks from /n/home06/lsepulvedaduran/Software/merfish-parameters/analysis/merlin_analysis_BC062_sample_01.json
Finished at 13:13.
Starting at 13:16.
/n/home06/lsepulvedaduran/.conda/envs/merlin_env/bin/python
BC062_sample_01
MERlin - the MERFISH decoding pipeline
['C1E1_codebook.csv']
Generating analysis tasks from /n/home06/lsepulvedaduran/Software/merfish-parameters/analysis/merlin_analysis_BC062_sample_01.json
Snakefile generated at /n/scratchlfs/zhuang_lab/lsepulveda/190719_BC062_MERFISH/sample_01/snakemake/190920_131723.Snakefile
Running MERlin pipeline through snakemake
Finished at 13:52.
