Starting at 16:34.
/n/home06/lsepulvedaduran/.conda/envs/merlin_env/bin/python
BC062_sample_03
MERlin - the MERFISH decoding pipeline
Finished at 16:35.
Starting at 16:37.
/n/home06/lsepulvedaduran/.conda/envs/merlin_env/bin/python
BC062_sample_03
Starting at 18:19.
/n/home06/lsepulvedaduran/.conda/envs/merlin_env/bin/python
BC062_sample_03
MERlin - the MERFISH decoding pipeline
['C1E1_codebook.csv']
Generating analysis tasks from /n/home06/lsepulvedaduran/Software/merfish-parameters/analysis/merlin_analysis_BC062.json
Snakefile generated at /n/scratchlfs/zhuang_lab/lsepulveda/190719_BC062_MERFISH/sample_03/snakemake/190909_182249.Snakefile
Running MERlin pipeline through snakemake
Finished at 03:53.
Starting at 08:32.
/n/home06/lsepulvedaduran/.conda/envs/merlin_env/bin/python
BC062_sample_03
MERlin - the MERFISH decoding pipeline
['C1E1_codebook.csv']
Generating analysis tasks from /n/home06/lsepulvedaduran/Software/merfish-parameters/analysis/merlin_analysis_BC062.json
Snakefile generated at /n/scratchlfs/zhuang_lab/lsepulveda/190719_BC062_MERFISH/sample_03/snakemake/190910_083442.Snakefile
Running MERlin pipeline through snakemake
Finished at 11:26.
Starting at 11:31.
/n/home06/lsepulvedaduran/.conda/envs/merlin_env/bin/python
BC062_sample_03
Starting at 07:06.
/n/home06/lsepulvedaduran/.conda/envs/merlin_env/bin/python
BC062_sample_03
MERlin - the MERFISH decoding pipeline
['C1E1_codebook.csv']
Generating analysis tasks from /n/home06/lsepulvedaduran/Software/merfish-parameters/analysis/merlin_analysis_BC062.json
Snakefile generated at /n/scratchlfs/zhuang_lab/lsepulveda/190719_BC062_MERFISH/sample_03/snakemake/190914_070825.Snakefile
Running MERlin pipeline through snakemake
Finished at 11:03.
Starting at 09:11.
/n/home06/lsepulvedaduran/.conda/envs/merlin_env/bin/python
BC062_sample_03
Finished at 09:12.
Starting at 09:28.
/n/home06/lsepulvedaduran/.conda/envs/merlin_env/bin/python
BC062_sample_03
Starting at 09:59.
/n/home06/lsepulvedaduran/.conda/envs/merlin_env/bin/python
BC062_sample_03
MERlin - the MERFISH decoding pipeline
['C1E1_codebook.csv']
Generating analysis tasks from /n/home06/lsepulvedaduran/Software/merfish-parameters/analysis/merlin_analysis_BC062.json
Snakefile generated at /n/scratchlfs/zhuang_lab/lsepulveda/190719_BC062_MERFISH/sample_03/snakemake/190918_100046.Snakefile
Running MERlin pipeline through snakemake
Finished at 01:40.
Starting at 16:19.
/n/home06/lsepulvedaduran/.conda/envs/merlin_env/bin/python
BC062_sample_03
MERlin - the MERFISH decoding pipeline
['C1E1_codebook.csv']
Generating analysis tasks from /n/home06/lsepulvedaduran/Software/merfish-parameters/analysis/merlin_analysis_BC062.json
Snakefile generated at /n/scratchlfs/zhuang_lab/lsepulveda/190719_BC062_MERFISH/sample_03/snakemake/190919_161955.Snakefile
Running MERlin pipeline through snakemake
Finished at 17:26.
