Starting at 16:59.
/n/home06/lsepulvedaduran/.conda/envs/merlin_env/bin/python
BC062_sample_04
Starting at 18:19.
/n/home06/lsepulvedaduran/.conda/envs/merlin_env/bin/python
BC062_sample_04
MERlin - the MERFISH decoding pipeline
['J4E1_codebook_refseq.csv']
Generating analysis tasks from /n/home06/lsepulvedaduran/Software/merfish-parameters/analysis/merlin_analysis_BC062.json
Snakefile generated at /n/scratchlfs/zhuang_lab/lsepulveda/190719_BC062_MERFISH/sample_04/snakemake/190909_182249.Snakefile
Running MERlin pipeline through snakemake
Finished at 11:04.
Starting at 09:11.
/n/home06/lsepulvedaduran/.conda/envs/merlin_env/bin/python
BC062_sample_04
Finished at 09:12.
Starting at 09:28.
/n/home06/lsepulvedaduran/.conda/envs/merlin_env/bin/python
BC062_sample_04
Starting at 09:59.
/n/home06/lsepulvedaduran/.conda/envs/merlin_env/bin/python
BC062_sample_04
MERlin - the MERFISH decoding pipeline
['J4E1_codebook_refseq.csv']
Generating analysis tasks from /n/home06/lsepulvedaduran/Software/merfish-parameters/analysis/merlin_analysis_BC062.json
Snakefile generated at /n/scratchlfs/zhuang_lab/lsepulveda/190719_BC062_MERFISH/sample_04/snakemake/190918_100047.Snakefile
Running MERlin pipeline through snakemake
Finished at 01:30.
Starting at 16:19.
/n/home06/lsepulvedaduran/.conda/envs/merlin_env/bin/python
BC062_sample_04
MERlin - the MERFISH decoding pipeline
['J4E1_codebook_refseq.csv']
Generating analysis tasks from /n/home06/lsepulvedaduran/Software/merfish-parameters/analysis/merlin_analysis_BC062.json
Snakefile generated at /n/scratchlfs/zhuang_lab/lsepulveda/190719_BC062_MERFISH/sample_04/snakemake/190919_162009.Snakefile
Running MERlin pipeline through snakemake
Finished at 16:59.
