Starting at 22:56.
/n/home06/lsepulvedaduran/.conda/envs/merlin_env/bin/python
BC064_sample_03
MERlin - the MERFISH decoding pipeline
Finished at 22:57.
Starting at 09:12.
/n/home06/lsepulvedaduran/.conda/envs/merlin_env/bin/python
BC064_sample_03
MERlin - the MERFISH decoding pipeline
['C1E1_codebook.csv']
Generating analysis tasks from /n/home06/lsepulvedaduran/Software/merfish-parameters/analysis/merlin_analysis_BC064.json
Snakefile generated at /n/scratchlfs/zhuang_lab/lsepulveda/190812_BC064_MERFISH/sample_03/snakemake/190910_091435.Snakefile
Running MERlin pipeline through snakemake
Finished at 18:05.
Starting at 10:24.
/n/home06/lsepulvedaduran/.conda/envs/merlin_env/bin/python
BC064_sample_03
Starting at 10:31.
/n/home06/lsepulvedaduran/.conda/envs/merlin_env/bin/python
BC064_sample_03
Starting at 14:55.
/n/home06/lsepulvedaduran/.conda/envs/merlin_env/bin/python
BC064_sample_03
Starting at 09:11.
/n/home06/lsepulvedaduran/.conda/envs/merlin_env/bin/python
BC064_sample_03
Finished at 09:12.
Starting at 09:28.
/n/home06/lsepulvedaduran/.conda/envs/merlin_env/bin/python
BC064_sample_03
MERlin - the MERFISH decoding pipeline
['C1E1_codebook.csv']
Generating analysis tasks from /n/home06/lsepulvedaduran/Software/merfish-parameters/analysis/merlin_analysis_BC064.json
Finished at 09:29.
Starting at 09:59.
/n/home06/lsepulvedaduran/.conda/envs/merlin_env/bin/python
BC064_sample_03
MERlin - the MERFISH decoding pipeline
['C1E1_codebook.csv']
Generating analysis tasks from /n/home06/lsepulvedaduran/Software/merfish-parameters/analysis/merlin_analysis_BC064.json
Snakefile generated at /n/scratchlfs/zhuang_lab/lsepulveda/190812_BC064_MERFISH/sample_03/snakemake/190918_100109.Snakefile
Running MERlin pipeline through snakemake
Finished at 01:46.
Starting at 16:21.
/n/home06/lsepulvedaduran/.conda/envs/merlin_env/bin/python
BC064_sample_03
MERlin - the MERFISH decoding pipeline
['C1E1_codebook.csv']
Generating analysis tasks from /n/home06/lsepulvedaduran/Software/merfish-parameters/analysis/merlin_analysis_BC064.json
Finished at 16:22.
Starting at 16:25.
/n/home06/lsepulvedaduran/.conda/envs/merlin_env/bin/python
BC064_sample_03
MERlin - the MERFISH decoding pipeline
['C1E1_codebook.csv']
Generating analysis tasks from /n/home06/lsepulvedaduran/Software/merfish-parameters/analysis/merlin_analysis_BC064.json
Snakefile generated at /n/scratchlfs/zhuang_lab/lsepulveda/190812_BC064_MERFISH/sample_03/snakemake/190919_162634.Snakefile
Running MERlin pipeline through snakemake
Finished at 17:45.
