Starting at 22:53.
/n/home06/lsepulvedaduran/.conda/envs/merlin_env/bin/python
BC064_sample_01
MERlin - the MERFISH decoding pipeline
['C1E1_codebook.csv']
Generating analysis tasks from /n/home06/lsepulvedaduran/Software/merfish-parameters/analysis/merlin_analysis_BC064.json
Snakefile generated at /n/scratchlfs/zhuang_lab/lsepulveda/190812_BC064_MERFISH/sample_01/snakemake/190909_225550.Snakefile
Running MERlin pipeline through snakemake
Finished at 05:50.
Starting at 08:55.
/n/home06/lsepulvedaduran/.conda/envs/merlin_env/bin/python
BC064_sample_01
Starting at 11:31.
Starting at 11:31.
/n/home06/lsepulvedaduran/.conda/envs/merlin_env/bin/python
/n/home06/lsepulvedaduran/.conda/envs/merlin_env/bin/python
BC064_sample_01
BC064_sample_01
MERlin - the MERFISH decoding pipeline
['C1E1_codebook.csv']
Generating analysis tasks from /n/home06/lsepulvedaduran/Software/merfish-parameters/analysis/merlin_analysis_BC064.json
Snakefile generated at /n/scratchlfs/zhuang_lab/lsepulveda/190812_BC064_MERFISH/sample_01/snakemake/190910_085623.Snakefile
Running MERlin pipeline through snakemake
Finished at 11:58.
MERlin - the MERFISH decoding pipeline
['C1E1_codebook.csv']
Generating analysis tasks from /n/home06/lsepulvedaduran/Software/merfish-parameters/analysis/merlin_analysis_BC064.json
Snakefile generated at /n/scratchlfs/zhuang_lab/lsepulveda/190812_BC064_MERFISH/sample_01/snakemake/190910_113152.Snakefile
Running MERlin pipeline through snakemake
Finished at 16:49.
MERlin - the MERFISH decoding pipeline
['C1E1_codebook.csv']
Generating analysis tasks from /n/home06/lsepulvedaduran/Software/merfish-parameters/analysis/merlin_analysis_BC064.json
Snakefile generated at /n/scratchlfs/zhuang_lab/lsepulveda/190812_BC064_MERFISH/sample_01/snakemake/190910_113152.Snakefile
Running MERlin pipeline through snakemake
Finished at 16:50.
Starting at 02:24.
/n/home06/lsepulvedaduran/.conda/envs/merlin_env/bin/python
BC064_sample_01
Starting at 07:06.
/n/home06/lsepulvedaduran/.conda/envs/merlin_env/bin/python
BC064_sample_01
Starting at 21:15.
/n/home06/lsepulvedaduran/.conda/envs/merlin_env/bin/python
BC064_sample_01
Starting at 14:54.
/n/home06/lsepulvedaduran/.conda/envs/merlin_env/bin/python
BC064_sample_01
Starting at 09:11.
/n/home06/lsepulvedaduran/.conda/envs/merlin_env/bin/python
BC064_sample_01
Finished at 09:12.
Starting at 09:28.
/n/home06/lsepulvedaduran/.conda/envs/merlin_env/bin/python
BC064_sample_01
MERlin - the MERFISH decoding pipeline
['C1E1_codebook.csv']
Generating analysis tasks from /n/home06/lsepulvedaduran/Software/merfish-parameters/analysis/merlin_analysis_BC064.json
Finished at 09:29.
Starting at 09:59.
/n/home06/lsepulvedaduran/.conda/envs/merlin_env/bin/python
BC064_sample_01
MERlin - the MERFISH decoding pipeline
['C1E1_codebook.csv']
Generating analysis tasks from /n/home06/lsepulvedaduran/Software/merfish-parameters/analysis/merlin_analysis_BC064.json
Snakefile generated at /n/scratchlfs/zhuang_lab/lsepulveda/190812_BC064_MERFISH/sample_01/snakemake/190918_100114.Snakefile
Running MERlin pipeline through snakemake
Finished at 01:41.
Starting at 16:21.
/n/home06/lsepulvedaduran/.conda/envs/merlin_env/bin/python
BC064_sample_01
MERlin - the MERFISH decoding pipeline
['C1E1_codebook.csv']
Generating analysis tasks from /n/home06/lsepulvedaduran/Software/merfish-parameters/analysis/merlin_analysis_BC064.json
Finished at 16:22.
Starting at 16:25.
/n/home06/lsepulvedaduran/.conda/envs/merlin_env/bin/python
BC064_sample_01
MERlin - the MERFISH decoding pipeline
['C1E1_codebook.csv']
Generating analysis tasks from /n/home06/lsepulvedaduran/Software/merfish-parameters/analysis/merlin_analysis_BC064.json
Snakefile generated at /n/scratchlfs/zhuang_lab/lsepulveda/190812_BC064_MERFISH/sample_01/snakemake/190919_162623.Snakefile
Running MERlin pipeline through snakemake
Finished at 17:36.
